<?xml version="1.0" encoding="UTF-8"?>
<!-- Generated by org.testng.reporters.JUnitXMLReporter -->
<testsuite ignored="2" hostname="lp-5cd2297ngc" failures="0" tests="1" name="Test" time="25.755" errors="0" timestamp="2024-05-01T22:16:31 PDT">
  <testcase classname="testCases.LoginPageTest" name="loginTest" time="1.57"/>
  <testcase classname="testCases.LoginPageTest" name="LoginPageTitleTest" time="0.0">
    <ignored/>
  </testcase> <!-- LoginPageTitleTest -->
  <testcase classname="testCases.LoginPageTest" name="logOutTest" time="0.0">
    <ignored/>
  </testcase> <!-- logOutTest -->
</testsuite> <!-- Test -->
