<?xml version="1.0" encoding="UTF-8"?>
<testng-results ignored="0" total="2" passed="2" failed="0" skipped="0">
  <reporter-output>
  </reporter-output>
  <suite started-at="2024-04-26T12:23:15 IST" name="Suite" finished-at="2024-04-26T12:24:00 IST" duration-ms="44513">
    <groups>
    </groups>
    <test started-at="2024-04-26T12:23:15 IST" name="Test" finished-at="2024-04-26T12:24:00 IST" duration-ms="44513">
      <class name="testCases.LoginPageTest">
        <test-method is-config="true" signature="setup()[pri:0, instance:testCases.LoginPageTest@eda25e5]" started-at="2024-04-26T12:23:16 IST" name="setup" finished-at="2024-04-26T12:23:38 IST" duration-ms="21984" status="PASS">
          <reporter-output>
          </reporter-output>
        </test-method> <!-- setup -->
        <test-method signature="loginTest()[pri:1, instance:testCases.LoginPageTest@eda25e5]" started-at="2024-04-26T12:23:38 IST" name="loginTest" finished-at="2024-04-26T12:23:45 IST" duration-ms="7390" status="PASS">
          <reporter-output>
          </reporter-output>
        </test-method> <!-- loginTest -->
        <test-method is-config="true" signature="tearDown()[pri:0, instance:testCases.LoginPageTest@eda25e5]" started-at="2024-04-26T12:23:45 IST" name="tearDown" finished-at="2024-04-26T12:23:46 IST" duration-ms="394" status="PASS">
          <reporter-output>
          </reporter-output>
        </test-method> <!-- tearDown -->
        <test-method is-config="true" signature="setup()[pri:0, instance:testCases.LoginPageTest@eda25e5]" started-at="2024-04-26T12:23:46 IST" name="setup" finished-at="2024-04-26T12:23:59 IST" duration-ms="13643" status="PASS">
          <reporter-output>
          </reporter-output>
        </test-method> <!-- setup -->
        <test-method signature="LoginPageTitleTest()[pri:2, instance:testCases.LoginPageTest@eda25e5]" started-at="2024-04-26T12:23:59 IST" name="LoginPageTitleTest" finished-at="2024-04-26T12:23:59 IST" duration-ms="36" status="PASS">
          <reporter-output>
          </reporter-output>
        </test-method> <!-- LoginPageTitleTest -->
        <test-method is-config="true" signature="tearDown()[pri:0, instance:testCases.LoginPageTest@eda25e5]" started-at="2024-04-26T12:23:59 IST" name="tearDown" finished-at="2024-04-26T12:24:00 IST" duration-ms="557" status="PASS">
          <reporter-output>
          </reporter-output>
        </test-method> <!-- tearDown -->
      </class> <!-- testCases.LoginPageTest -->
    </test> <!-- Test -->
  </suite> <!-- Suite -->
</testng-results>
