<?xml version="1.0" encoding="UTF-8"?>
<testng-results ignored="0" total="2" passed="2" failed="0" skipped="0">
  <reporter-output>
  </reporter-output>
  <suite started-at="2024-05-01T05:21:44 PDT" name="Suite" finished-at="2024-05-01T05:22:41 PDT" duration-ms="57246">
    <groups>
    </groups>
    <test started-at="2024-05-01T05:21:44 PDT" name="Test" finished-at="2024-05-01T05:22:41 PDT" duration-ms="57246">
      <class name="testCases.LoginPageTest">
        <test-method is-config="true" signature="setup()[pri:0, instance:testCases.LoginPageTest@2552f2cb]" started-at="2024-05-01T05:21:44 PDT" name="setup" finished-at="2024-05-01T05:22:07 PDT" duration-ms="22973" status="PASS">
          <reporter-output>
          </reporter-output>
        </test-method> <!-- setup -->
        <test-method signature="loginTest()[pri:1, instance:testCases.LoginPageTest@2552f2cb]" started-at="2024-05-01T05:22:07 PDT" name="loginTest" finished-at="2024-05-01T05:22:17 PDT" duration-ms="10236" status="PASS">
          <reporter-output>
          </reporter-output>
        </test-method> <!-- loginTest -->
        <test-method is-config="true" signature="tearDown()[pri:0, instance:testCases.LoginPageTest@2552f2cb]" started-at="2024-05-01T05:22:17 PDT" name="tearDown" finished-at="2024-05-01T05:22:18 PDT" duration-ms="600" status="PASS">
          <reporter-output>
          </reporter-output>
        </test-method> <!-- tearDown -->
        <test-method is-config="true" signature="setup()[pri:0, instance:testCases.LoginPageTest@2552f2cb]" started-at="2024-05-01T05:22:18 PDT" name="setup" finished-at="2024-05-01T05:22:40 PDT" duration-ms="22506" status="PASS">
          <reporter-output>
          </reporter-output>
        </test-method> <!-- setup -->
        <test-method signature="LoginPageTitleTest()[pri:2, instance:testCases.LoginPageTest@2552f2cb]" started-at="2024-05-01T05:22:40 PDT" name="LoginPageTitleTest" finished-at="2024-05-01T05:22:40 PDT" duration-ms="91" status="PASS">
          <reporter-output>
          </reporter-output>
        </test-method> <!-- LoginPageTitleTest -->
        <test-method is-config="true" signature="tearDown()[pri:0, instance:testCases.LoginPageTest@2552f2cb]" started-at="2024-05-01T05:22:40 PDT" name="tearDown" finished-at="2024-05-01T05:22:41 PDT" duration-ms="609" status="PASS">
          <reporter-output>
          </reporter-output>
        </test-method> <!-- tearDown -->
      </class> <!-- testCases.LoginPageTest -->
    </test> <!-- Test -->
  </suite> <!-- Suite -->
</testng-results>
