<?xml version="1.0" encoding="UTF-8"?>
<testng-results ignored="0" total="1" passed="1" failed="0" skipped="0">
  <reporter-output>
  </reporter-output>
  <suite started-at="2024-05-01T22:16:05 PDT" name="Suite" finished-at="2024-05-01T22:16:30 PDT" duration-ms="25755">
    <groups>
    </groups>
    <test started-at="2024-05-01T22:16:05 PDT" name="Test" finished-at="2024-05-01T22:16:30 PDT" duration-ms="25755">
      <class name="testCases.LoginPageTest">
        <test-method is-config="true" signature="setup()[pri:0, instance:testCases.LoginPageTest@6865c751]" started-at="2024-05-01T22:16:05 PDT" name="setup" finished-at="2024-05-01T22:16:28 PDT" duration-ms="23366" status="PASS">
          <reporter-output>
          </reporter-output>
        </test-method> <!-- setup -->
        <test-method signature="loginTest()[pri:1, instance:testCases.LoginPageTest@6865c751]" started-at="2024-05-01T22:16:28 PDT" name="loginTest" finished-at="2024-05-01T22:16:30 PDT" duration-ms="1570" status="PASS">
          <reporter-output>
          </reporter-output>
        </test-method> <!-- loginTest -->
        <test-method is-config="true" signature="tearDown()[pri:0, instance:testCases.LoginPageTest@6865c751]" started-at="2024-05-01T22:16:30 PDT" name="tearDown" finished-at="2024-05-01T22:16:30 PDT" duration-ms="593" status="PASS">
          <reporter-output>
          </reporter-output>
        </test-method> <!-- tearDown -->
      </class> <!-- testCases.LoginPageTest -->
    </test> <!-- Test -->
  </suite> <!-- Suite -->
</testng-results>
